<?xml version="1.0" encoding="UTF-8"?>
<!-- Generated by org.testng.reporters.JUnitXMLReporter -->
<testsuite hostname="AA-PC" name="testfirefox" tests="5" failures="0" timestamp="12 Jun 2019 04:54:43 GMT" time="0.062" errors="0">
  <testcase name="tc001" time="0.015" classname="framework_testng.Groups.TestSuite1"/>
  <testcase name="tc002" time="0.0" classname="framework_testng.Groups.TestSuite1"/>
  <testcase name="tc005" time="0.016" classname="framework_testng.Groups.TestSuite2"/>
  <testcase name="tc006" time="0.0" classname="framework_testng.Groups.TestSuite2"/>
  <testcase name="tc007" time="0.0" classname="framework_testng.Groups.TestSuite3"/>
</testsuite> <!-- testfirefox -->
