<?xml version="1.0" encoding="UTF-8"?>
<!-- Generated by org.testng.reporters.JUnitXMLReporter -->
<testsuite hostname="AA-PC" name="test1" tests="4" failures="0" timestamp="14 Jun 2019 04:25:21 GMT" time="8.636" errors="0">
  <testcase name="launch_browser" time="3.782" classname="framework_testng.Suite_Parameter.Get_Parameters_From_Suite"/>
  <testcase name="loadWebpage" time="4.336" classname="framework_testng.Suite_Parameter.Get_Parameters_From_Suite"/>
  <testcase name="User_login" time="0.279" classname="framework_testng.Suite_Parameter.Get_Parameters_From_Suite"/>
  <testcase name="User_registration" time="0.198" classname="framework_testng.Suite_Parameter.Get_Parameters_From_Suite"/>
</testsuite> <!-- test1 -->
