<?xml version="1.0" encoding="UTF-8"?>
<testng-results skipped="0" failed="0" total="3" passed="3">
  <reporter-output>
  </reporter-output>
  <suite name="Default suite" duration-ms="64" started-at="2019-06-14T05:15:32Z" finished-at="2019-06-14T05:15:32Z">
    <groups>
    </groups>
    <test name="Default test" duration-ms="64" started-at="2019-06-14T05:15:32Z" finished-at="2019-06-14T05:15:32Z">
      <class name="framework_testng.DP.InputData">
        <test-method status="PASS" signature="browser_info(java.lang.String, java.lang.String)[pri:0, instance:framework_testng.DP.InputData@6767c1fc]" name="browser_info" duration-ms="15" started-at="2019-06-14T10:45:32Z" data-provider="browserdata" finished-at="2019-06-14T10:45:32Z">
          <params>
            <param index="0">
              <value>
                <![CDATA[firefox]]>
              </value>
            </param>
            <param index="1">
              <value>
                <![CDATA[65]]>
              </value>
            </param>
          </params>
          <reporter-output>
          </reporter-output>
        </test-method> <!-- browser_info -->
        <test-method status="PASS" signature="browser_info(java.lang.String, java.lang.String)[pri:0, instance:framework_testng.DP.InputData@6767c1fc]" name="browser_info" duration-ms="0" started-at="2019-06-14T10:45:32Z" data-provider="browserdata" finished-at="2019-06-14T10:45:32Z">
          <params>
            <param index="0">
              <value>
                <![CDATA[ie]]>
              </value>
            </param>
            <param index="1">
              <value>
                <![CDATA[11]]>
              </value>
            </param>
          </params>
          <reporter-output>
          </reporter-output>
        </test-method> <!-- browser_info -->
        <test-method status="PASS" signature="browser_info(java.lang.String, java.lang.String)[pri:0, instance:framework_testng.DP.InputData@6767c1fc]" name="browser_info" duration-ms="0" started-at="2019-06-14T10:45:32Z" data-provider="browserdata" finished-at="2019-06-14T10:45:32Z">
          <params>
            <param index="0">
              <value>
                <![CDATA[chrome]]>
              </value>
            </param>
            <param index="1">
              <value>
                <![CDATA[73]]>
              </value>
            </param>
          </params>
          <reporter-output>
          </reporter-output>
        </test-method> <!-- browser_info -->
      </class> <!-- framework_testng.DP.InputData -->
    </test> <!-- Default test -->
  </suite> <!-- Default suite -->
</testng-results>
