<?xml version="1.0" encoding="UTF-8"?>
<!-- Generated by org.testng.reporters.JUnitXMLReporter -->
<testsuite hostname="AA-PC" name="test1" tests="3" failures="0" timestamp="12 Jun 2019 04:48:24 GMT" time="0.047" errors="0">
  <testcase name="tc002" time="0.016" classname="framework_testng.TestSuite.Class1"/>
  <testcase name="tc008" time="0.0" classname="framework_testng.TestSuite.Class3"/>
  <testcase name="tc009" time="0.0" classname="framework_testng.TestSuite.Class3"/>
</testsuite> <!-- test1 -->
