<?xml version="1.0" encoding="UTF-8"?>
<!-- Generated by org.testng.reporters.JUnitXMLReporter -->
<testsuite hostname="AA-PC" name="Default test" tests="3" failures="0" timestamp="14 Jun 2019 05:15:32 GMT" time="0.064" errors="0">
  <testcase name="browser_info" time="0.015" classname="framework_testng.DP.InputData"/>
  <testcase name="browser_info" time="0.0" classname="framework_testng.DP.InputData"/>
  <testcase name="browser_info" time="0.0" classname="framework_testng.DP.InputData"/>
</testsuite> <!-- Default test -->
