<?xml version="1.0" encoding="UTF-8"?>
<!-- Generated by org.testng.reporters.JUnitXMLReporter -->
<testsuite hostname="AA-PC" name="Default test" tests="3" failures="0" timestamp="11 Jun 2019 05:09:03 GMT" time="0.047" errors="0">
  <testcase name="f" time="0.0" classname="framework_testng.Method_priority"/>
  <testcase name="x" time="0.0" classname="framework_testng.Method_priority"/>
  <testcase name="a" time="0.0" classname="framework_testng.Method_priority"/>
</testsuite> <!-- Default test -->
